2023-09-06 09:27:40,026.user_easy_stats_matt_riley.INFO ==================================================
2023-09-06 09:27:40,026.user_easy_stats_matt_riley.INFO Today is 2023-09-06 at 09:27 AM
2023-09-06 09:27:40,054.user_easy_stats_matt_riley.INFO Running on: nt Windows 10
2023-09-06 09:27:40,054.user_easy_stats_matt_riley.INFO Python version:  3.11.5
2023-09-06 09:27:40,055.user_easy_stats_matt_riley.INFO Python path: C:\Program Files\Python311
2023-09-06 09:27:40,055.user_easy_stats_matt_riley.INFO Working dir: C:\Users\MR011023\Documents\datafun-02-functions
2023-09-06 09:27:40,056.user_easy_stats_matt_riley.INFO ==================================================
2023-09-06 09:27:40,066.user_easy_stats_matt_riley.INFO uni_data = [105, 129, 87, 86, 111, 111, 89, 81, 108, 92, 110, 100, 75, 105, 103, 109, 76, 119, 99, 91, 103, 129, 106, 101, 84, 111, 74, 87, 86, 103, 103, 106, 86, 111, 75, 87, 102, 121, 111, 88, 89, 101, 106, 95, 103, 107, 101, 81, 109, 104]
2023-09-06 09:27:40,068.user_easy_stats_matt_riley.INFO mean   = 99.12
2023-09-06 09:27:40,068.user_easy_stats_matt_riley.INFO median = 102.50
2023-09-06 09:27:40,068.user_easy_stats_matt_riley.INFO mode   = 111.00
2023-09-06 09:27:40,069.user_easy_stats_matt_riley.INFO var    = 179.25
2023-09-06 09:27:40,069.user_easy_stats_matt_riley.INFO stdev  = 13.39
2023-09-06 09:27:40,069.user_easy_stats_matt_riley.INFO lowest = 74.00
2023-09-06 09:27:40,070.user_easy_stats_matt_riley.INFO highest= 129.00
2023-09-06 09:27:40,070.user_easy_stats_matt_riley.WARNING Correlation requires Python version 3.10 or greater.
2023-09-06 09:27:40,070.user_easy_stats_matt_riley.WARNING Your version is 3.11
2023-09-06 09:27:40,070.user_easy_stats_matt_riley.INFO Here's some time series data:
2023-09-06 09:27:40,071.user_easy_stats_matt_riley.INFO xtimes:[1, 2, 3, 4, 5, 6, 7, 8, 9, 10, 11, 12]
2023-09-06 09:27:40,071.user_easy_stats_matt_riley.INFO yvalues:[2, 5, 8, 20, 21, 23, 24, 27, 30, 31, 31, 32]
2023-09-06 09:27:40,071.user_easy_stats_matt_riley.INFO correlation between xtimes and xtimes = 1.00
2023-09-06 09:27:40,071.user_easy_stats_matt_riley.INFO correlation between xtimes and yvalues = 0.94
2023-09-06 09:27:40,072.user_easy_stats_matt_riley.INFO Here's some bivariant data (2 variables, together):
2023-09-06 09:27:40,072.user_easy_stats_matt_riley.INFO x:[-200, -150, -100, 50, 0, 50, 100, 150]
2023-09-06 09:27:40,072.user_easy_stats_matt_riley.INFO y:[-240, -165, -99, 35, 19, 75, 130, 125]
2023-09-06 09:27:40,072.user_easy_stats_matt_riley.INFO Calculate the slope and intercept of a best fit straight line:
2023-09-06 09:27:40,072.user_easy_stats_matt_riley.INFO    slope = 1.09
2023-09-06 09:27:40,072.user_easy_stats_matt_riley.INFO    intercept = -1.39
2023-09-06 09:27:40,073.user_easy_stats_matt_riley.INFO Let's use our best fit line to PREDICT a future value.
2023-09-06 09:27:40,073.user_easy_stats_matt_riley.INFO    At future x = 200,
2023-09-06 09:27:40,073.user_easy_stats_matt_riley.INFO    we predict the value of y will be 216.
2023-09-06 09:27:40,073.user_easy_stats_matt_riley.INFO How'd we do? Does this make sense given the data?
